kepp first line empty
Sun Feb 23 20:04:47 UTC 2020
new push atSun Feb 23 20:09:59 UTC 2020
new push atSun Feb 23 20:10:58 UTC 2020
new push atSun Feb 23 20:12:57 UTC 2020
new push atSun Feb 23 21:21:51 UTC 2020
new push atSun Feb 23 21:26:28 UTC 2020
new push atSun Feb 23 22:42:59 UTC 2020
new push atSun Feb 23 22:47:30 UTC 2020
auto write atSun Feb 23 22:51:06 UTC 2020
auto write atSun Feb 23 22:59:11 UTC 2020
auto write atSun Feb 23 23:07:46 UTC 2020
auto write atSun Feb 23 23:15:42 UTC 2020
auto write atSun Feb 23 23:23:44 UTC 2020
auto write atSun Feb 23 23:31:46 UTC 2020
auto write atSun Feb 23 23:39:42 UTC 2020
auto write atSun Feb 23 23:47:43 UTC 2020
auto write atSun Feb 23 23:55:42 UTC 2020
new push atSun Feb 23 23:56:35 UTC 2020
new push atMon Feb 24 00:00:54 UTC 2020
hour report atMon Feb 24 00:08:19 UTC 2020
auto write atMon Feb 24 00:12:51 UTC 2020
auto write atMon Feb 24 00:21:15 UTC 2020
auto write atMon Feb 24 00:29:15 UTC 2020
auto write atMon Feb 24 00:37:19 UTC 2020
auto write atMon Feb 24 00:45:20 UTC 2020
auto write atMon Feb 24 00:53:24 UTC 2020
hour report atMon Feb 24 01:01:59 UTC 2020
auto write atMon Feb 24 01:02:20 UTC 2020
auto write atMon Feb 24 01:10:18 UTC 2020
auto write atMon Feb 24 01:18:21 UTC 2020
auto write atMon Feb 24 01:27:25 UTC 2020
auto write atMon Feb 24 01:35:25 UTC 2020
auto write atMon Feb 24 01:43:25 UTC 2020
auto write atMon Feb 24 01:51:28 UTC 2020
auto write atMon Feb 24 01:59:24 UTC 2020
hour report atMon Feb 24 02:01:32 UTC 2020
auto write atMon Feb 24 02:08:29 UTC 2020
auto write atMon Feb 24 02:16:26 UTC 2020
auto write atMon Feb 24 02:24:29 UTC 2020
auto write atMon Feb 24 02:33:30 UTC 2020
auto write atMon Feb 24 02:41:28 UTC 2020
auto write atMon Feb 24 02:49:30 UTC 2020
auto write atMon Feb 24 02:57:27 UTC 2020
